2026-04-17 14:45:54 | DEBUG    | matplotlib:342 | matplotlib data path: C:\Users\A1\AppData\Roaming\Python\Python313\site-packages\matplotlib\mpl-data
2026-04-17 14:45:54 | DEBUG    | matplotlib:342 | CONFIGDIR=C:\Users\A1\.matplotlib
2026-04-17 14:45:54 | DEBUG    | matplotlib:1560 | interactive is False
2026-04-17 14:45:54 | DEBUG    | matplotlib:1561 | platform is win32
2026-04-17 14:45:54 | INFO     | kline_scheduler:80 | [K线定时] 下次同步于 2026-04-18 02:00:00，等待 11.2h
2026-04-17 14:46:33 | INFO     | backpack_quant_trading.api.routers.trading:407 | [DEBUG] HYPE_STRATEGY_INSTANCES 数量: 0
2026-04-17 14:46:33 | INFO     | backpack_quant_trading.api.routers.trading:408 | [DEBUG] HYPE_STRATEGY_INSTANCES keys: []
2026-04-17 14:46:33 | INFO     | backpack_quant_trading.api.routers.trading:407 | [DEBUG] HYPE_STRATEGY_INSTANCES 数量: 0
2026-04-17 14:46:33 | INFO     | backpack_quant_trading.api.routers.trading:408 | [DEBUG] HYPE_STRATEGY_INSTANCES keys: []
2026-04-17 14:46:38 | INFO     | backpack_quant_trading.api.routers.trading:407 | [DEBUG] HYPE_STRATEGY_INSTANCES 数量: 0
2026-04-17 14:46:38 | INFO     | backpack_quant_trading.api.routers.trading:408 | [DEBUG] HYPE_STRATEGY_INSTANCES keys: []
2026-04-17 14:46:38 | INFO     | backpack_quant_trading.api.routers.trading:407 | [DEBUG] HYPE_STRATEGY_INSTANCES 数量: 0
2026-04-17 14:46:38 | INFO     | backpack_quant_trading.api.routers.trading:408 | [DEBUG] HYPE_STRATEGY_INSTANCES keys: []
2026-04-17 14:46:43 | INFO     | backpack_quant_trading.api.routers.trading:407 | [DEBUG] HYPE_STRATEGY_INSTANCES 数量: 0
2026-04-17 14:46:43 | INFO     | backpack_quant_trading.api.routers.trading:408 | [DEBUG] HYPE_STRATEGY_INSTANCES keys: []
2026-04-17 14:46:48 | INFO     | backpack_quant_trading.api.routers.trading:407 | [DEBUG] HYPE_STRATEGY_INSTANCES 数量: 0
2026-04-17 14:46:48 | INFO     | backpack_quant_trading.api.routers.trading:408 | [DEBUG] HYPE_STRATEGY_INSTANCES keys: []
2026-04-17 14:46:53 | INFO     | backpack_quant_trading.api.routers.trading:407 | [DEBUG] HYPE_STRATEGY_INSTANCES 数量: 0
2026-04-17 14:46:53 | INFO     | backpack_quant_trading.api.routers.trading:408 | [DEBUG] HYPE_STRATEGY_INSTANCES keys: []
2026-04-17 14:46:58 | INFO     | backpack_quant_trading.api.routers.trading:407 | [DEBUG] HYPE_STRATEGY_INSTANCES 数量: 0
2026-04-17 14:46:58 | INFO     | backpack_quant_trading.api.routers.trading:408 | [DEBUG] HYPE_STRATEGY_INSTANCES keys: []
2026-04-17 14:47:03 | INFO     | backpack_quant_trading.api.routers.trading:407 | [DEBUG] HYPE_STRATEGY_INSTANCES 数量: 0
2026-04-17 14:47:03 | INFO     | backpack_quant_trading.api.routers.trading:408 | [DEBUG] HYPE_STRATEGY_INSTANCES keys: []
2026-04-17 14:47:08 | INFO     | backpack_quant_trading.api.routers.trading:407 | [DEBUG] HYPE_STRATEGY_INSTANCES 数量: 0
2026-04-17 14:47:08 | INFO     | backpack_quant_trading.api.routers.trading:408 | [DEBUG] HYPE_STRATEGY_INSTANCES keys: []
2026-04-17 14:47:13 | INFO     | backpack_quant_trading.api.routers.trading:407 | [DEBUG] HYPE_STRATEGY_INSTANCES 数量: 0
2026-04-17 14:47:13 | INFO     | backpack_quant_trading.api.routers.trading:408 | [DEBUG] HYPE_STRATEGY_INSTANCES keys: []
2026-04-17 14:47:18 | INFO     | backpack_quant_trading.api.routers.trading:407 | [DEBUG] HYPE_STRATEGY_INSTANCES 数量: 0
2026-04-17 14:47:18 | INFO     | backpack_quant_trading.api.routers.trading:408 | [DEBUG] HYPE_STRATEGY_INSTANCES keys: []
2026-04-17 14:47:23 | INFO     | backpack_quant_trading.api.routers.trading:407 | [DEBUG] HYPE_STRATEGY_INSTANCES 数量: 0
2026-04-17 14:47:23 | INFO     | backpack_quant_trading.api.routers.trading:408 | [DEBUG] HYPE_STRATEGY_INSTANCES keys: []
2026-04-17 14:47:28 | INFO     | backpack_quant_trading.api.routers.trading:407 | [DEBUG] HYPE_STRATEGY_INSTANCES 数量: 0
2026-04-17 14:47:28 | INFO     | backpack_quant_trading.api.routers.trading:408 | [DEBUG] HYPE_STRATEGY_INSTANCES keys: []
2026-04-17 14:47:33 | INFO     | backpack_quant_trading.api.routers.trading:407 | [DEBUG] HYPE_STRATEGY_INSTANCES 数量: 0
2026-04-17 14:47:33 | INFO     | backpack_quant_trading.api.routers.trading:408 | [DEBUG] HYPE_STRATEGY_INSTANCES keys: []
2026-04-17 14:47:38 | INFO     | backpack_quant_trading.api.routers.trading:407 | [DEBUG] HYPE_STRATEGY_INSTANCES 数量: 0
2026-04-17 14:47:38 | INFO     | backpack_quant_trading.api.routers.trading:408 | [DEBUG] HYPE_STRATEGY_INSTANCES keys: []
2026-04-17 14:47:43 | INFO     | backpack_quant_trading.api.routers.trading:407 | [DEBUG] HYPE_STRATEGY_INSTANCES 数量: 0
2026-04-17 14:47:43 | INFO     | backpack_quant_trading.api.routers.trading:408 | [DEBUG] HYPE_STRATEGY_INSTANCES keys: []
2026-04-17 14:47:48 | INFO     | backpack_quant_trading.api.routers.trading:407 | [DEBUG] HYPE_STRATEGY_INSTANCES 数量: 0
2026-04-17 14:47:48 | INFO     | backpack_quant_trading.api.routers.trading:408 | [DEBUG] HYPE_STRATEGY_INSTANCES keys: []
2026-04-17 14:47:53 | INFO     | backpack_quant_trading.api.routers.trading:407 | [DEBUG] HYPE_STRATEGY_INSTANCES 数量: 0
2026-04-17 14:47:53 | INFO     | backpack_quant_trading.api.routers.trading:408 | [DEBUG] HYPE_STRATEGY_INSTANCES keys: []
2026-04-17 14:47:58 | INFO     | backpack_quant_trading.api.routers.trading:407 | [DEBUG] HYPE_STRATEGY_INSTANCES 数量: 0
2026-04-17 14:47:58 | INFO     | backpack_quant_trading.api.routers.trading:408 | [DEBUG] HYPE_STRATEGY_INSTANCES keys: []
2026-04-17 14:48:22 | INFO     | backpack_quant_trading.api.routers.trading:407 | [DEBUG] HYPE_STRATEGY_INSTANCES 数量: 0
2026-04-17 14:48:22 | INFO     | backpack_quant_trading.api.routers.trading:408 | [DEBUG] HYPE_STRATEGY_INSTANCES keys: []
2026-04-17 14:49:22 | INFO     | backpack_quant_trading.api.routers.trading:407 | [DEBUG] HYPE_STRATEGY_INSTANCES 数量: 0
2026-04-17 14:49:22 | INFO     | backpack_quant_trading.api.routers.trading:408 | [DEBUG] HYPE_STRATEGY_INSTANCES keys: []
2026-04-17 14:50:08 | INFO     | backpack_quant_trading.api.routers.trading:407 | [DEBUG] HYPE_STRATEGY_INSTANCES 数量: 0
2026-04-17 14:50:08 | INFO     | backpack_quant_trading.api.routers.trading:408 | [DEBUG] HYPE_STRATEGY_INSTANCES keys: []
2026-04-17 15:06:43 | INFO     | backpack_quant_trading.api.routers.trading:407 | [DEBUG] HYPE_STRATEGY_INSTANCES 数量: 0
2026-04-17 15:06:43 | INFO     | backpack_quant_trading.api.routers.trading:408 | [DEBUG] HYPE_STRATEGY_INSTANCES keys: []
2026-04-17 15:06:43 | INFO     | backpack_quant_trading.api.routers.trading:407 | [DEBUG] HYPE_STRATEGY_INSTANCES 数量: 0
2026-04-17 15:06:43 | INFO     | backpack_quant_trading.api.routers.trading:408 | [DEBUG] HYPE_STRATEGY_INSTANCES keys: []
2026-04-17 15:06:48 | INFO     | backpack_quant_trading.api.routers.trading:407 | [DEBUG] HYPE_STRATEGY_INSTANCES 数量: 0
2026-04-17 15:06:48 | INFO     | backpack_quant_trading.api.routers.trading:408 | [DEBUG] HYPE_STRATEGY_INSTANCES keys: []
2026-04-17 15:06:53 | INFO     | backpack_quant_trading.api.routers.trading:407 | [DEBUG] HYPE_STRATEGY_INSTANCES 数量: 0
2026-04-17 15:06:53 | INFO     | backpack_quant_trading.api.routers.trading:408 | [DEBUG] HYPE_STRATEGY_INSTANCES keys: []
2026-04-17 15:06:58 | INFO     | backpack_quant_trading.api.routers.trading:407 | [DEBUG] HYPE_STRATEGY_INSTANCES 数量: 0
2026-04-17 15:06:58 | INFO     | backpack_quant_trading.api.routers.trading:408 | [DEBUG] HYPE_STRATEGY_INSTANCES keys: []
2026-04-17 15:07:03 | INFO     | backpack_quant_trading.api.routers.trading:407 | [DEBUG] HYPE_STRATEGY_INSTANCES 数量: 0
2026-04-17 15:07:03 | INFO     | backpack_quant_trading.api.routers.trading:408 | [DEBUG] HYPE_STRATEGY_INSTANCES keys: []
2026-04-17 15:07:08 | INFO     | backpack_quant_trading.api.routers.trading:407 | [DEBUG] HYPE_STRATEGY_INSTANCES 数量: 0
2026-04-17 15:07:08 | INFO     | backpack_quant_trading.api.routers.trading:408 | [DEBUG] HYPE_STRATEGY_INSTANCES keys: []
2026-04-17 15:07:14 | INFO     | backpack_quant_trading.api.routers.trading:407 | [DEBUG] HYPE_STRATEGY_INSTANCES 数量: 0
2026-04-17 15:07:14 | INFO     | backpack_quant_trading.api.routers.trading:408 | [DEBUG] HYPE_STRATEGY_INSTANCES keys: []
2026-04-17 15:07:19 | INFO     | backpack_quant_trading.api.routers.trading:407 | [DEBUG] HYPE_STRATEGY_INSTANCES 数量: 0
2026-04-17 15:07:19 | INFO     | backpack_quant_trading.api.routers.trading:408 | [DEBUG] HYPE_STRATEGY_INSTANCES keys: []
2026-04-17 15:07:24 | INFO     | backpack_quant_trading.api.routers.trading:407 | [DEBUG] HYPE_STRATEGY_INSTANCES 数量: 0
2026-04-17 15:07:24 | INFO     | backpack_quant_trading.api.routers.trading:408 | [DEBUG] HYPE_STRATEGY_INSTANCES keys: []
2026-04-17 15:07:29 | INFO     | backpack_quant_trading.api.routers.trading:407 | [DEBUG] HYPE_STRATEGY_INSTANCES 数量: 0
2026-04-17 15:07:29 | INFO     | backpack_quant_trading.api.routers.trading:408 | [DEBUG] HYPE_STRATEGY_INSTANCES keys: []
2026-04-17 15:07:34 | INFO     | backpack_quant_trading.api.routers.trading:407 | [DEBUG] HYPE_STRATEGY_INSTANCES 数量: 0
2026-04-17 15:07:34 | INFO     | backpack_quant_trading.api.routers.trading:408 | [DEBUG] HYPE_STRATEGY_INSTANCES keys: []
2026-04-17 15:07:39 | INFO     | backpack_quant_trading.api.routers.trading:407 | [DEBUG] HYPE_STRATEGY_INSTANCES 数量: 0
2026-04-17 15:07:39 | INFO     | backpack_quant_trading.api.routers.trading:408 | [DEBUG] HYPE_STRATEGY_INSTANCES keys: []
2026-04-17 15:07:44 | INFO     | backpack_quant_trading.api.routers.trading:407 | [DEBUG] HYPE_STRATEGY_INSTANCES 数量: 0
2026-04-17 15:07:44 | INFO     | backpack_quant_trading.api.routers.trading:408 | [DEBUG] HYPE_STRATEGY_INSTANCES keys: []
2026-04-17 15:07:49 | INFO     | backpack_quant_trading.api.routers.trading:407 | [DEBUG] HYPE_STRATEGY_INSTANCES 数量: 0
2026-04-17 15:07:49 | INFO     | backpack_quant_trading.api.routers.trading:408 | [DEBUG] HYPE_STRATEGY_INSTANCES keys: []
2026-04-17 15:07:54 | INFO     | backpack_quant_trading.api.routers.trading:407 | [DEBUG] HYPE_STRATEGY_INSTANCES 数量: 0
2026-04-17 15:07:54 | INFO     | backpack_quant_trading.api.routers.trading:408 | [DEBUG] HYPE_STRATEGY_INSTANCES keys: []
2026-04-17 15:07:59 | INFO     | backpack_quant_trading.api.routers.trading:407 | [DEBUG] HYPE_STRATEGY_INSTANCES 数量: 0
2026-04-17 15:07:59 | INFO     | backpack_quant_trading.api.routers.trading:408 | [DEBUG] HYPE_STRATEGY_INSTANCES keys: []
2026-04-17 15:08:04 | INFO     | backpack_quant_trading.api.routers.trading:407 | [DEBUG] HYPE_STRATEGY_INSTANCES 数量: 0
2026-04-17 15:08:04 | INFO     | backpack_quant_trading.api.routers.trading:408 | [DEBUG] HYPE_STRATEGY_INSTANCES keys: []
2026-04-17 15:08:09 | INFO     | backpack_quant_trading.api.routers.trading:407 | [DEBUG] HYPE_STRATEGY_INSTANCES 数量: 0
2026-04-17 15:08:09 | INFO     | backpack_quant_trading.api.routers.trading:408 | [DEBUG] HYPE_STRATEGY_INSTANCES keys: []
2026-04-17 15:08:42 | INFO     | backpack_quant_trading.api.routers.trading:407 | [DEBUG] HYPE_STRATEGY_INSTANCES 数量: 0
2026-04-17 15:08:42 | INFO     | backpack_quant_trading.api.routers.trading:408 | [DEBUG] HYPE_STRATEGY_INSTANCES keys: []
2026-04-17 15:09:42 | INFO     | backpack_quant_trading.api.routers.trading:407 | [DEBUG] HYPE_STRATEGY_INSTANCES 数量: 0
2026-04-17 15:09:42 | INFO     | backpack_quant_trading.api.routers.trading:408 | [DEBUG] HYPE_STRATEGY_INSTANCES keys: []
2026-04-17 15:10:42 | INFO     | backpack_quant_trading.api.routers.trading:407 | [DEBUG] HYPE_STRATEGY_INSTANCES 数量: 0
2026-04-17 15:10:42 | INFO     | backpack_quant_trading.api.routers.trading:408 | [DEBUG] HYPE_STRATEGY_INSTANCES keys: []
2026-04-17 15:11:42 | INFO     | backpack_quant_trading.api.routers.trading:407 | [DEBUG] HYPE_STRATEGY_INSTANCES 数量: 0
2026-04-17 15:11:42 | INFO     | backpack_quant_trading.api.routers.trading:408 | [DEBUG] HYPE_STRATEGY_INSTANCES keys: []
2026-04-17 15:12:42 | INFO     | backpack_quant_trading.api.routers.trading:407 | [DEBUG] HYPE_STRATEGY_INSTANCES 数量: 0
2026-04-17 15:12:42 | INFO     | backpack_quant_trading.api.routers.trading:408 | [DEBUG] HYPE_STRATEGY_INSTANCES keys: []
2026-04-17 15:13:42 | INFO     | backpack_quant_trading.api.routers.trading:407 | [DEBUG] HYPE_STRATEGY_INSTANCES 数量: 0
2026-04-17 15:13:42 | INFO     | backpack_quant_trading.api.routers.trading:408 | [DEBUG] HYPE_STRATEGY_INSTANCES keys: []
2026-04-17 15:14:42 | INFO     | backpack_quant_trading.api.routers.trading:407 | [DEBUG] HYPE_STRATEGY_INSTANCES 数量: 0
2026-04-17 15:14:42 | INFO     | backpack_quant_trading.api.routers.trading:408 | [DEBUG] HYPE_STRATEGY_INSTANCES keys: []
2026-04-17 15:15:42 | INFO     | backpack_quant_trading.api.routers.trading:407 | [DEBUG] HYPE_STRATEGY_INSTANCES 数量: 0
2026-04-17 15:15:42 | INFO     | backpack_quant_trading.api.routers.trading:408 | [DEBUG] HYPE_STRATEGY_INSTANCES keys: []
2026-04-17 15:16:42 | INFO     | backpack_quant_trading.api.routers.trading:407 | [DEBUG] HYPE_STRATEGY_INSTANCES 数量: 0
2026-04-17 15:16:42 | INFO     | backpack_quant_trading.api.routers.trading:408 | [DEBUG] HYPE_STRATEGY_INSTANCES keys: []
2026-04-17 15:17:42 | INFO     | backpack_quant_trading.api.routers.trading:407 | [DEBUG] HYPE_STRATEGY_INSTANCES 数量: 0
2026-04-17 15:17:42 | INFO     | backpack_quant_trading.api.routers.trading:408 | [DEBUG] HYPE_STRATEGY_INSTANCES keys: []
2026-04-17 15:18:42 | INFO     | backpack_quant_trading.api.routers.trading:407 | [DEBUG] HYPE_STRATEGY_INSTANCES 数量: 0
2026-04-17 15:18:42 | INFO     | backpack_quant_trading.api.routers.trading:408 | [DEBUG] HYPE_STRATEGY_INSTANCES keys: []
2026-04-17 15:19:42 | INFO     | backpack_quant_trading.api.routers.trading:407 | [DEBUG] HYPE_STRATEGY_INSTANCES 数量: 0
2026-04-17 15:19:42 | INFO     | backpack_quant_trading.api.routers.trading:408 | [DEBUG] HYPE_STRATEGY_INSTANCES keys: []
2026-04-17 15:20:42 | INFO     | backpack_quant_trading.api.routers.trading:407 | [DEBUG] HYPE_STRATEGY_INSTANCES 数量: 0
2026-04-17 15:20:42 | INFO     | backpack_quant_trading.api.routers.trading:408 | [DEBUG] HYPE_STRATEGY_INSTANCES keys: []
2026-04-17 15:21:42 | INFO     | backpack_quant_trading.api.routers.trading:407 | [DEBUG] HYPE_STRATEGY_INSTANCES 数量: 0
2026-04-17 15:21:42 | INFO     | backpack_quant_trading.api.routers.trading:408 | [DEBUG] HYPE_STRATEGY_INSTANCES keys: []
2026-04-17 15:22:42 | INFO     | backpack_quant_trading.api.routers.trading:407 | [DEBUG] HYPE_STRATEGY_INSTANCES 数量: 0
2026-04-17 15:22:42 | INFO     | backpack_quant_trading.api.routers.trading:408 | [DEBUG] HYPE_STRATEGY_INSTANCES keys: []
2026-04-17 15:23:42 | INFO     | backpack_quant_trading.api.routers.trading:407 | [DEBUG] HYPE_STRATEGY_INSTANCES 数量: 0
2026-04-17 15:23:42 | INFO     | backpack_quant_trading.api.routers.trading:408 | [DEBUG] HYPE_STRATEGY_INSTANCES keys: []
2026-04-17 15:24:42 | INFO     | backpack_quant_trading.api.routers.trading:407 | [DEBUG] HYPE_STRATEGY_INSTANCES 数量: 0
2026-04-17 15:24:42 | INFO     | backpack_quant_trading.api.routers.trading:408 | [DEBUG] HYPE_STRATEGY_INSTANCES keys: []
2026-04-17 15:25:42 | INFO     | backpack_quant_trading.api.routers.trading:407 | [DEBUG] HYPE_STRATEGY_INSTANCES 数量: 0
2026-04-17 15:25:42 | INFO     | backpack_quant_trading.api.routers.trading:408 | [DEBUG] HYPE_STRATEGY_INSTANCES keys: []
2026-04-17 15:26:42 | INFO     | backpack_quant_trading.api.routers.trading:407 | [DEBUG] HYPE_STRATEGY_INSTANCES 数量: 0
2026-04-17 15:26:42 | INFO     | backpack_quant_trading.api.routers.trading:408 | [DEBUG] HYPE_STRATEGY_INSTANCES keys: []
2026-04-17 15:27:42 | INFO     | backpack_quant_trading.api.routers.trading:407 | [DEBUG] HYPE_STRATEGY_INSTANCES 数量: 0
2026-04-17 15:27:42 | INFO     | backpack_quant_trading.api.routers.trading:408 | [DEBUG] HYPE_STRATEGY_INSTANCES keys: []
2026-04-17 15:28:42 | INFO     | backpack_quant_trading.api.routers.trading:407 | [DEBUG] HYPE_STRATEGY_INSTANCES 数量: 0
2026-04-17 15:28:42 | INFO     | backpack_quant_trading.api.routers.trading:408 | [DEBUG] HYPE_STRATEGY_INSTANCES keys: []
2026-04-17 15:29:42 | INFO     | backpack_quant_trading.api.routers.trading:407 | [DEBUG] HYPE_STRATEGY_INSTANCES 数量: 0
2026-04-17 15:29:42 | INFO     | backpack_quant_trading.api.routers.trading:408 | [DEBUG] HYPE_STRATEGY_INSTANCES keys: []
2026-04-17 15:30:42 | INFO     | backpack_quant_trading.api.routers.trading:407 | [DEBUG] HYPE_STRATEGY_INSTANCES 数量: 0
2026-04-17 15:30:42 | INFO     | backpack_quant_trading.api.routers.trading:408 | [DEBUG] HYPE_STRATEGY_INSTANCES keys: []
2026-04-17 15:31:42 | INFO     | backpack_quant_trading.api.routers.trading:407 | [DEBUG] HYPE_STRATEGY_INSTANCES 数量: 0
2026-04-17 15:31:42 | INFO     | backpack_quant_trading.api.routers.trading:408 | [DEBUG] HYPE_STRATEGY_INSTANCES keys: []
2026-04-17 15:32:42 | INFO     | backpack_quant_trading.api.routers.trading:407 | [DEBUG] HYPE_STRATEGY_INSTANCES 数量: 0
2026-04-17 15:32:42 | INFO     | backpack_quant_trading.api.routers.trading:408 | [DEBUG] HYPE_STRATEGY_INSTANCES keys: []
2026-04-17 15:33:42 | INFO     | backpack_quant_trading.api.routers.trading:407 | [DEBUG] HYPE_STRATEGY_INSTANCES 数量: 0
2026-04-17 15:33:42 | INFO     | backpack_quant_trading.api.routers.trading:408 | [DEBUG] HYPE_STRATEGY_INSTANCES keys: []
2026-04-17 15:34:42 | INFO     | backpack_quant_trading.api.routers.trading:407 | [DEBUG] HYPE_STRATEGY_INSTANCES 数量: 0
2026-04-17 15:34:42 | INFO     | backpack_quant_trading.api.routers.trading:408 | [DEBUG] HYPE_STRATEGY_INSTANCES keys: []
2026-04-17 15:35:42 | INFO     | backpack_quant_trading.api.routers.trading:407 | [DEBUG] HYPE_STRATEGY_INSTANCES 数量: 0
2026-04-17 15:35:42 | INFO     | backpack_quant_trading.api.routers.trading:408 | [DEBUG] HYPE_STRATEGY_INSTANCES keys: []
2026-04-17 15:36:42 | INFO     | backpack_quant_trading.api.routers.trading:407 | [DEBUG] HYPE_STRATEGY_INSTANCES 数量: 0
2026-04-17 15:36:42 | INFO     | backpack_quant_trading.api.routers.trading:408 | [DEBUG] HYPE_STRATEGY_INSTANCES keys: []
2026-04-17 15:37:42 | INFO     | backpack_quant_trading.api.routers.trading:407 | [DEBUG] HYPE_STRATEGY_INSTANCES 数量: 0
2026-04-17 15:37:42 | INFO     | backpack_quant_trading.api.routers.trading:408 | [DEBUG] HYPE_STRATEGY_INSTANCES keys: []
2026-04-17 15:38:24 | DEBUG    | matplotlib:342 | matplotlib data path: C:\Users\A1\AppData\Roaming\Python\Python313\site-packages\matplotlib\mpl-data
2026-04-17 15:38:24 | DEBUG    | matplotlib:342 | CONFIGDIR=C:\Users\A1\.matplotlib
2026-04-17 15:38:24 | DEBUG    | matplotlib:1560 | interactive is False
2026-04-17 15:38:24 | DEBUG    | matplotlib:1561 | platform is win32
2026-04-17 15:38:24 | INFO     | kline_scheduler:80 | [K线定时] 下次同步于 2026-04-18 02:00:00，等待 10.4h
2026-04-17 15:38:42 | INFO     | backpack_quant_trading.api.routers.trading:407 | [DEBUG] HYPE_STRATEGY_INSTANCES 数量: 0
2026-04-17 15:38:42 | INFO     | backpack_quant_trading.api.routers.trading:408 | [DEBUG] HYPE_STRATEGY_INSTANCES keys: []
2026-04-17 15:39:42 | INFO     | backpack_quant_trading.api.routers.trading:407 | [DEBUG] HYPE_STRATEGY_INSTANCES 数量: 0
2026-04-17 15:39:42 | INFO     | backpack_quant_trading.api.routers.trading:408 | [DEBUG] HYPE_STRATEGY_INSTANCES keys: []
2026-04-17 15:40:42 | INFO     | backpack_quant_trading.api.routers.trading:407 | [DEBUG] HYPE_STRATEGY_INSTANCES 数量: 0
2026-04-17 15:40:42 | INFO     | backpack_quant_trading.api.routers.trading:408 | [DEBUG] HYPE_STRATEGY_INSTANCES keys: []
2026-04-17 15:41:42 | INFO     | backpack_quant_trading.api.routers.trading:407 | [DEBUG] HYPE_STRATEGY_INSTANCES 数量: 0
2026-04-17 15:41:42 | INFO     | backpack_quant_trading.api.routers.trading:408 | [DEBUG] HYPE_STRATEGY_INSTANCES keys: []
2026-04-17 15:42:42 | INFO     | backpack_quant_trading.api.routers.trading:407 | [DEBUG] HYPE_STRATEGY_INSTANCES 数量: 0
2026-04-17 15:42:42 | INFO     | backpack_quant_trading.api.routers.trading:408 | [DEBUG] HYPE_STRATEGY_INSTANCES keys: []
2026-04-17 15:43:42 | INFO     | backpack_quant_trading.api.routers.trading:407 | [DEBUG] HYPE_STRATEGY_INSTANCES 数量: 0
2026-04-17 15:43:42 | INFO     | backpack_quant_trading.api.routers.trading:408 | [DEBUG] HYPE_STRATEGY_INSTANCES keys: []
2026-04-17 15:44:42 | INFO     | backpack_quant_trading.api.routers.trading:407 | [DEBUG] HYPE_STRATEGY_INSTANCES 数量: 0
2026-04-17 15:44:42 | INFO     | backpack_quant_trading.api.routers.trading:408 | [DEBUG] HYPE_STRATEGY_INSTANCES keys: []
2026-04-17 15:45:42 | INFO     | backpack_quant_trading.api.routers.trading:407 | [DEBUG] HYPE_STRATEGY_INSTANCES 数量: 0
2026-04-17 15:45:42 | INFO     | backpack_quant_trading.api.routers.trading:408 | [DEBUG] HYPE_STRATEGY_INSTANCES keys: []
2026-04-17 15:46:42 | INFO     | backpack_quant_trading.api.routers.trading:407 | [DEBUG] HYPE_STRATEGY_INSTANCES 数量: 0
2026-04-17 15:46:42 | INFO     | backpack_quant_trading.api.routers.trading:408 | [DEBUG] HYPE_STRATEGY_INSTANCES keys: []
2026-04-17 15:47:42 | INFO     | backpack_quant_trading.api.routers.trading:407 | [DEBUG] HYPE_STRATEGY_INSTANCES 数量: 0
2026-04-17 15:47:42 | INFO     | backpack_quant_trading.api.routers.trading:408 | [DEBUG] HYPE_STRATEGY_INSTANCES keys: []
2026-04-17 15:48:42 | INFO     | backpack_quant_trading.api.routers.trading:407 | [DEBUG] HYPE_STRATEGY_INSTANCES 数量: 0
2026-04-17 15:48:42 | INFO     | backpack_quant_trading.api.routers.trading:408 | [DEBUG] HYPE_STRATEGY_INSTANCES keys: []
2026-04-17 15:49:42 | INFO     | backpack_quant_trading.api.routers.trading:407 | [DEBUG] HYPE_STRATEGY_INSTANCES 数量: 0
2026-04-17 15:49:42 | INFO     | backpack_quant_trading.api.routers.trading:408 | [DEBUG] HYPE_STRATEGY_INSTANCES keys: []
2026-04-17 15:50:42 | INFO     | backpack_quant_trading.api.routers.trading:407 | [DEBUG] HYPE_STRATEGY_INSTANCES 数量: 0
2026-04-17 15:50:42 | INFO     | backpack_quant_trading.api.routers.trading:408 | [DEBUG] HYPE_STRATEGY_INSTANCES keys: []
2026-04-17 15:51:42 | INFO     | backpack_quant_trading.api.routers.trading:407 | [DEBUG] HYPE_STRATEGY_INSTANCES 数量: 0
2026-04-17 15:51:42 | INFO     | backpack_quant_trading.api.routers.trading:408 | [DEBUG] HYPE_STRATEGY_INSTANCES keys: []
2026-04-17 15:52:42 | INFO     | backpack_quant_trading.api.routers.trading:407 | [DEBUG] HYPE_STRATEGY_INSTANCES 数量: 0
2026-04-17 15:52:42 | INFO     | backpack_quant_trading.api.routers.trading:408 | [DEBUG] HYPE_STRATEGY_INSTANCES keys: []
2026-04-17 15:53:42 | INFO     | backpack_quant_trading.api.routers.trading:407 | [DEBUG] HYPE_STRATEGY_INSTANCES 数量: 0
2026-04-17 15:53:42 | INFO     | backpack_quant_trading.api.routers.trading:408 | [DEBUG] HYPE_STRATEGY_INSTANCES keys: []
