2026-04-10 14:29:00 | DEBUG    | matplotlib:342 | matplotlib data path: C:\Users\A1\AppData\Roaming\Python\Python313\site-packages\matplotlib\mpl-data
2026-04-10 14:29:00 | DEBUG    | matplotlib:342 | CONFIGDIR=C:\Users\A1\.matplotlib
2026-04-10 14:29:00 | DEBUG    | matplotlib:1560 | interactive is False
2026-04-10 14:29:00 | DEBUG    | matplotlib:1561 | platform is win32
2026-04-10 14:32:37 | DEBUG    | matplotlib:342 | matplotlib data path: C:\Users\A1\AppData\Roaming\Python\Python313\site-packages\matplotlib\mpl-data
2026-04-10 14:32:37 | DEBUG    | matplotlib:342 | CONFIGDIR=C:\Users\A1\.matplotlib
2026-04-10 14:32:37 | DEBUG    | matplotlib:1560 | interactive is False
2026-04-10 14:32:37 | DEBUG    | matplotlib:1561 | platform is win32
2026-04-10 14:37:20 | DEBUG    | matplotlib:342 | matplotlib data path: C:\Users\A1\AppData\Roaming\Python\Python313\site-packages\matplotlib\mpl-data
2026-04-10 14:37:20 | DEBUG    | matplotlib:342 | CONFIGDIR=C:\Users\A1\.matplotlib
2026-04-10 14:37:20 | DEBUG    | matplotlib:1560 | interactive is False
2026-04-10 14:37:20 | DEBUG    | matplotlib:1561 | platform is win32
2026-04-10 15:00:46 | DEBUG    | matplotlib:342 | matplotlib data path: C:\Users\A1\AppData\Roaming\Python\Python313\site-packages\matplotlib\mpl-data
2026-04-10 15:00:46 | DEBUG    | matplotlib:342 | CONFIGDIR=C:\Users\A1\.matplotlib
2026-04-10 15:00:46 | DEBUG    | matplotlib:1560 | interactive is False
2026-04-10 15:00:46 | DEBUG    | matplotlib:1561 | platform is win32
2026-04-10 15:00:46 | INFO     | kline_scheduler:80 | [K线定时] 下次同步于 2026-04-11 02:00:00，等待 11.0h
2026-04-10 15:00:56 | DEBUG    | urllib3.connectionpool:1022 | Starting new HTTPS connection (1): api.hyperliquid.xyz:443
2026-04-10 15:00:58 | WARNING  | backpack_quant_trading.api.routers.strategy:59 | [HL K线] 拉取失败 coin=HYPE interval=4h: HTTPSConnectionPool(host='api.hyperliquid.xyz', port=443): Max retries exceeded with url: /info (Caused by ProxyError('Cannot connect to proxy.', NewConnectionError('<urllib3.connection.HTTPSConnection object at 0x0000018C59B5B4D0>: Failed to establish a new connection: [WinError 10061] 由于目标计算机积极拒绝，无法连接。')))
2026-04-10 15:00:58 | DEBUG    | urllib3.connectionpool:1022 | Starting new HTTPS connection (1): api.hyperliquid.xyz:443
2026-04-10 15:01:00 | WARNING  | backpack_quant_trading.api.routers.strategy:59 | [HL K线] 拉取失败 coin=ETH interval=2h: HTTPSConnectionPool(host='api.hyperliquid.xyz', port=443): Max retries exceeded with url: /info (Caused by ProxyError('Cannot connect to proxy.', NewConnectionError('<urllib3.connection.HTTPSConnection object at 0x0000018C59B5FB10>: Failed to establish a new connection: [WinError 10061] 由于目标计算机积极拒绝，无法连接。')))
2026-04-10 15:14:36 | DEBUG    | matplotlib:342 | matplotlib data path: C:\Users\A1\AppData\Roaming\Python\Python313\site-packages\matplotlib\mpl-data
2026-04-10 15:14:36 | DEBUG    | matplotlib:342 | CONFIGDIR=C:\Users\A1\.matplotlib
2026-04-10 15:14:36 | DEBUG    | matplotlib:1560 | interactive is False
2026-04-10 15:14:36 | DEBUG    | matplotlib:1561 | platform is win32
2026-04-10 15:14:36 | INFO     | kline_scheduler:80 | [K线定时] 下次同步于 2026-04-11 02:00:00，等待 10.8h
2026-04-10 15:14:46 | DEBUG    | urllib3.connectionpool:1022 | Starting new HTTPS connection (1): api.hyperliquid.xyz:443
2026-04-10 15:14:46 | DEBUG    | urllib3.connectionpool:475 | https://api.hyperliquid.xyz:443 "POST /info HTTP/1.1" 200 6413
2026-04-10 15:14:46 | INFO     | backpack_quant_trading.api.routers.strategy:113 | [HL K线] HYPE 4H 写入 47 条
2026-04-10 15:14:46 | DEBUG    | urllib3.connectionpool:1022 | Starting new HTTPS connection (1): api.hyperliquid.xyz:443
2026-04-10 15:14:47 | DEBUG    | urllib3.connectionpool:475 | https://api.hyperliquid.xyz:443 "POST /info HTTP/1.1" 200 12581
2026-04-10 15:14:47 | INFO     | backpack_quant_trading.api.routers.strategy:155 | [HL K线] ETH 2H 写入 93 条
2026-04-10 15:18:25 | DEBUG    | matplotlib:342 | matplotlib data path: C:\Users\A1\AppData\Roaming\Python\Python313\site-packages\matplotlib\mpl-data
2026-04-10 15:18:25 | DEBUG    | matplotlib:342 | CONFIGDIR=C:\Users\A1\.matplotlib
2026-04-10 15:18:25 | DEBUG    | matplotlib:1560 | interactive is False
2026-04-10 15:18:25 | DEBUG    | matplotlib:1561 | platform is win32
2026-04-10 15:18:25 | INFO     | kline_scheduler:80 | [K线定时] 下次同步于 2026-04-11 02:00:00，等待 10.7h
2026-04-10 15:18:32 | DEBUG    | urllib3.connectionpool:1022 | Starting new HTTPS connection (1): api.hyperliquid.xyz:443
2026-04-10 15:18:32 | DEBUG    | urllib3.connectionpool:475 | https://api.hyperliquid.xyz:443 "POST /info HTTP/1.1" 200 6404
2026-04-10 15:18:32 | INFO     | backpack_quant_trading.api.routers.strategy:116 | [HL K线] HYPE 4H 写入 47 条
2026-04-10 15:18:32 | DEBUG    | urllib3.connectionpool:1022 | Starting new HTTPS connection (1): api.hyperliquid.xyz:443
2026-04-10 15:18:33 | DEBUG    | urllib3.connectionpool:475 | https://api.hyperliquid.xyz:443 "POST /info HTTP/1.1" 200 12581
2026-04-10 15:18:33 | INFO     | backpack_quant_trading.api.routers.strategy:158 | [HL K线] ETH 2H 写入 93 条
2026-04-10 15:31:45 | DEBUG    | urllib3.connectionpool:1022 | Starting new HTTPS connection (1): api.hyperliquid.xyz:443
2026-04-10 15:31:46 | DEBUG    | urllib3.connectionpool:475 | https://api.hyperliquid.xyz:443 "POST /info HTTP/1.1" 200 6413
2026-04-10 15:31:46 | INFO     | backpack_quant_trading.api.routers.strategy:116 | [HL K线] HYPE 4H 写入 47 条
2026-04-10 15:31:46 | DEBUG    | urllib3.connectionpool:1022 | Starting new HTTPS connection (1): api.hyperliquid.xyz:443
2026-04-10 15:31:46 | DEBUG    | urllib3.connectionpool:475 | https://api.hyperliquid.xyz:443 "POST /info HTTP/1.1" 200 12581
2026-04-10 15:31:46 | INFO     | backpack_quant_trading.api.routers.strategy:158 | [HL K线] ETH 2H 写入 93 条
2026-04-10 16:54:08 | DEBUG    | urllib3.connectionpool:1022 | Starting new HTTPS connection (1): 17.push2.eastmoney.com:443
2026-04-10 16:54:11 | DEBUG    | urllib3.connectionpool:1022 | Starting new HTTPS connection (1): 17.push2.eastmoney.com:443
2026-04-10 16:54:17 | DEBUG    | urllib3.connectionpool:1022 | Starting new HTTPS connection (1): 17.push2.eastmoney.com:443
2026-04-10 16:54:19 | WARNING  | backpack_quant_trading.core.stock_ai:111 | 获取行业列表失败: HTTPSConnectionPool(host='17.push2.eastmoney.com', port=443): Max retries exceeded with url: /api/qt/clist/get?pn=1&pz=100&po=1&np=1&ut=bd1d9ddb04089700cf9c27f6f7426281&fltt=2&invt=2&fid=f3&fs=m%3A90+t%3A2+f%3A%2150&fields=f1%2Cf2%2Cf3%2Cf4%2Cf5%2Cf6%2Cf7%2Cf8%2Cf9%2Cf10%2Cf12%2Cf13%2Cf14%2Cf15%2Cf16%2Cf17%2Cf18%2Cf20%2Cf21%2Cf23%2Cf24%2Cf25%2Cf26%2Cf22%2Cf33%2Cf11%2Cf62%2Cf128%2Cf136%2Cf115%2Cf152%2Cf124%2Cf107%2Cf104%2Cf105%2Cf140%2Cf141%2Cf207%2Cf208%2Cf209%2Cf222 (Caused by ProxyError('Cannot connect to proxy.', NewConnectionError('<urllib3.connection.HTTPSConnection object at 0x00000177098DEAD0>: Failed to establish a new connection: [WinError 10061] 由于目标计算机积极拒绝，无法连接。')))
2026-04-10 16:54:19 | DEBUG    | urllib3.connectionpool:1022 | Starting new HTTPS connection (1): 17.push2.eastmoney.com:443
2026-04-10 16:54:23 | DEBUG    | urllib3.connectionpool:1022 | Starting new HTTPS connection (1): 17.push2.eastmoney.com:443
2026-04-10 16:54:28 | DEBUG    | urllib3.connectionpool:1022 | Starting new HTTPS connection (1): 17.push2.eastmoney.com:443
2026-04-10 16:54:30 | WARNING  | backpack_quant_trading.core.stock_ai:111 | 获取行业列表失败: HTTPSConnectionPool(host='17.push2.eastmoney.com', port=443): Max retries exceeded with url: /api/qt/clist/get?pn=1&pz=100&po=1&np=1&ut=bd1d9ddb04089700cf9c27f6f7426281&fltt=2&invt=2&fid=f3&fs=m%3A90+t%3A2+f%3A%2150&fields=f1%2Cf2%2Cf3%2Cf4%2Cf5%2Cf6%2Cf7%2Cf8%2Cf9%2Cf10%2Cf12%2Cf13%2Cf14%2Cf15%2Cf16%2Cf17%2Cf18%2Cf20%2Cf21%2Cf23%2Cf24%2Cf25%2Cf26%2Cf22%2Cf33%2Cf11%2Cf62%2Cf128%2Cf136%2Cf115%2Cf152%2Cf124%2Cf107%2Cf104%2Cf105%2Cf140%2Cf141%2Cf207%2Cf208%2Cf209%2Cf222 (Caused by ProxyError('Cannot connect to proxy.', NewConnectionError('<urllib3.connection.HTTPSConnection object at 0x00000177098DF390>: Failed to establish a new connection: [WinError 10061] 由于目标计算机积极拒绝，无法连接。')))
2026-04-10 16:54:52 | DEBUG    | urllib3.connectionpool:1022 | Starting new HTTPS connection (1): fapi.binance.com:443
2026-04-10 16:54:54 | ERROR    | backpack_quant_trading.core.binance_monitor:163 | 币安 K 线批量获取失败 ETHUSDT 15m: HTTPSConnectionPool(host='fapi.binance.com', port=443): Max retries exceeded with url: /fapi/v1/klines?symbol=ETHUSDT&interval=15m&limit=1000 (Caused by ProxyError('Cannot connect to proxy.', NewConnectionError('<urllib3.connection.HTTPSConnection object at 0x000001770986F610>: Failed to establish a new connection: [WinError 10061] 由于目标计算机积极拒绝，无法连接。')))
2026-04-10 16:55:18 | DEBUG    | urllib3.connectionpool:1022 | Starting new HTTPS connection (1): fapi.binance.com:443
2026-04-10 16:55:20 | ERROR    | backpack_quant_trading.core.binance_monitor:163 | 币安 K 线批量获取失败 ETHUSDT 15m: HTTPSConnectionPool(host='fapi.binance.com', port=443): Max retries exceeded with url: /fapi/v1/klines?symbol=ETHUSDT&interval=15m&limit=1000 (Caused by ProxyError('Cannot connect to proxy.', NewConnectionError('<urllib3.connection.HTTPSConnection object at 0x000001770986F610>: Failed to establish a new connection: [WinError 10061] 由于目标计算机积极拒绝，无法连接。')))
