2026-03-05 15:37:31 | DEBUG    | matplotlib:342 | matplotlib data path: C:\Users\A1\AppData\Roaming\Python\Python313\site-packages\matplotlib\mpl-data
2026-03-05 15:37:31 | DEBUG    | matplotlib:342 | CONFIGDIR=C:\Users\A1\.matplotlib
2026-03-05 15:37:31 | DEBUG    | matplotlib:1560 | interactive is False
2026-03-05 15:37:31 | DEBUG    | matplotlib:1561 | platform is win32
2026-03-05 15:43:00 | DEBUG    | urllib3.connectionpool:1022 | Starting new HTTPS connection (1): 17.push2.eastmoney.com:443
2026-03-05 15:43:01 | DEBUG    | urllib3.connectionpool:475 | https://17.push2.eastmoney.com:443 "GET /api/qt/clist/get?pn=1&pz=100&po=1&np=1&ut=bd1d9ddb04089700cf9c27f6f7426281&fltt=2&invt=2&fid=f3&fs=m%3A90+t%3A2+f%3A%2150&fields=f1%2Cf2%2Cf3%2Cf4%2Cf5%2Cf6%2Cf7%2Cf8%2Cf9%2Cf10%2Cf12%2Cf13%2Cf14%2Cf15%2Cf16%2Cf17%2Cf18%2Cf20%2Cf21%2Cf23%2Cf24%2Cf25%2Cf26%2Cf22%2Cf33%2Cf11%2Cf62%2Cf128%2Cf136%2Cf115%2Cf152%2Cf124%2Cf107%2Cf104%2Cf105%2Cf140%2Cf141%2Cf207%2Cf208%2Cf209%2Cf222 HTTP/1.1" 200 14182
2026-03-05 15:43:02 | DEBUG    | urllib3.connectionpool:1022 | Starting new HTTPS connection (1): 17.push2.eastmoney.com:443
2026-03-05 15:43:02 | INFO     | backpack_quant_trading.core.binance_monitor:392 | 币种列表从文件加载，共 543 个，更新于 1772603712.8551037
2026-03-05 15:43:02 | DEBUG    | urllib3.connectionpool:1022 | Starting new HTTPS connection (1): fapi.binance.com:443
2026-03-05 15:43:02 | DEBUG    | urllib3.connectionpool:475 | https://17.push2.eastmoney.com:443 "GET /api/qt/clist/get?pn=2&pz=100&po=1&np=1&ut=bd1d9ddb04089700cf9c27f6f7426281&fltt=2&invt=2&fid=f3&fs=m%3A90+t%3A2+f%3A%2150&fields=f1%2Cf2%2Cf3%2Cf4%2Cf5%2Cf6%2Cf7%2Cf8%2Cf9%2Cf10%2Cf12%2Cf13%2Cf14%2Cf15%2Cf16%2Cf17%2Cf18%2Cf20%2Cf21%2Cf23%2Cf24%2Cf25%2Cf26%2Cf22%2Cf33%2Cf11%2Cf62%2Cf128%2Cf136%2Cf115%2Cf152%2Cf124%2Cf107%2Cf104%2Cf105%2Cf140%2Cf141%2Cf207%2Cf208%2Cf209%2Cf222 HTTP/1.1" 200 14223
2026-03-05 15:43:03 | DEBUG    | urllib3.connectionpool:1022 | Starting new HTTPS connection (1): 17.push2.eastmoney.com:443
2026-03-05 15:43:05 | DEBUG    | urllib3.connectionpool:1022 | Starting new HTTPS connection (1): 17.push2.eastmoney.com:443
2026-03-05 15:43:07 | DEBUG    | urllib3.connectionpool:475 | https://fapi.binance.com:443 "GET /fapi/v1/exchangeInfo HTTP/1.1" 200 None
2026-03-05 15:43:07 | INFO     | backpack_quant_trading.core.binance_monitor:433 | 币种列表已缓存，共 544 个 USDT 永续合约
2026-03-05 15:43:09 | DEBUG    | urllib3.connectionpool:1022 | Starting new HTTPS connection (1): 17.push2.eastmoney.com:443
2026-03-05 15:43:09 | WARNING  | backpack_quant_trading.core.stock_ai:111 | 获取行业列表失败: ('Connection aborted.', RemoteDisconnected('Remote end closed connection without response'))
2026-03-05 16:07:20 | DEBUG    | matplotlib:342 | matplotlib data path: C:\Users\A1\AppData\Roaming\Python\Python313\site-packages\matplotlib\mpl-data
2026-03-05 16:07:20 | DEBUG    | matplotlib:342 | CONFIGDIR=C:\Users\A1\.matplotlib
2026-03-05 16:07:20 | DEBUG    | matplotlib:1560 | interactive is False
2026-03-05 16:07:20 | DEBUG    | matplotlib:1561 | platform is win32
2026-03-05 16:09:03 | DEBUG    | matplotlib:342 | matplotlib data path: C:\Users\A1\AppData\Roaming\Python\Python313\site-packages\matplotlib\mpl-data
2026-03-05 16:09:03 | DEBUG    | matplotlib:342 | CONFIGDIR=C:\Users\A1\.matplotlib
2026-03-05 16:09:03 | DEBUG    | matplotlib:1560 | interactive is False
2026-03-05 16:09:03 | DEBUG    | matplotlib:1561 | platform is win32
2026-03-05 16:19:34 | DEBUG    | matplotlib:342 | matplotlib data path: C:\Users\A1\AppData\Roaming\Python\Python313\site-packages\matplotlib\mpl-data
2026-03-05 16:19:34 | DEBUG    | matplotlib:342 | CONFIGDIR=C:\Users\A1\.matplotlib
2026-03-05 16:19:34 | DEBUG    | matplotlib:1560 | interactive is False
2026-03-05 16:19:34 | DEBUG    | matplotlib:1561 | platform is win32
2026-03-05 16:19:37 | DEBUG    | urllib3.connectionpool:1022 | Starting new HTTPS connection (1): 17.push2.eastmoney.com:443
2026-03-05 16:19:38 | DEBUG    | urllib3.connectionpool:475 | https://17.push2.eastmoney.com:443 "GET /api/qt/clist/get?pn=1&pz=100&po=1&np=1&ut=bd1d9ddb04089700cf9c27f6f7426281&fltt=2&invt=2&fid=f3&fs=m%3A90+t%3A2+f%3A%2150&fields=f1%2Cf2%2Cf3%2Cf4%2Cf5%2Cf6%2Cf7%2Cf8%2Cf9%2Cf10%2Cf12%2Cf13%2Cf14%2Cf15%2Cf16%2Cf17%2Cf18%2Cf20%2Cf21%2Cf23%2Cf24%2Cf25%2Cf26%2Cf22%2Cf33%2Cf11%2Cf62%2Cf128%2Cf136%2Cf115%2Cf152%2Cf124%2Cf107%2Cf104%2Cf105%2Cf140%2Cf141%2Cf207%2Cf208%2Cf209%2Cf222 HTTP/1.1" 200 14183
2026-03-05 16:19:39 | DEBUG    | urllib3.connectionpool:1022 | Starting new HTTPS connection (1): 17.push2.eastmoney.com:443
2026-03-05 16:19:39 | DEBUG    | urllib3.connectionpool:475 | https://17.push2.eastmoney.com:443 "GET /api/qt/clist/get?pn=2&pz=100&po=1&np=1&ut=bd1d9ddb04089700cf9c27f6f7426281&fltt=2&invt=2&fid=f3&fs=m%3A90+t%3A2+f%3A%2150&fields=f1%2Cf2%2Cf3%2Cf4%2Cf5%2Cf6%2Cf7%2Cf8%2Cf9%2Cf10%2Cf12%2Cf13%2Cf14%2Cf15%2Cf16%2Cf17%2Cf18%2Cf20%2Cf21%2Cf23%2Cf24%2Cf25%2Cf26%2Cf22%2Cf33%2Cf11%2Cf62%2Cf128%2Cf136%2Cf115%2Cf152%2Cf124%2Cf107%2Cf104%2Cf105%2Cf140%2Cf141%2Cf207%2Cf208%2Cf209%2Cf222 HTTP/1.1" 200 14224
2026-03-05 16:19:40 | DEBUG    | urllib3.connectionpool:1022 | Starting new HTTPS connection (1): 17.push2.eastmoney.com:443
2026-03-05 16:19:41 | DEBUG    | urllib3.connectionpool:475 | https://17.push2.eastmoney.com:443 "GET /api/qt/clist/get?pn=3&pz=100&po=1&np=1&ut=bd1d9ddb04089700cf9c27f6f7426281&fltt=2&invt=2&fid=f3&fs=m%3A90+t%3A2+f%3A%2150&fields=f1%2Cf2%2Cf3%2Cf4%2Cf5%2Cf6%2Cf7%2Cf8%2Cf9%2Cf10%2Cf12%2Cf13%2Cf14%2Cf15%2Cf16%2Cf17%2Cf18%2Cf20%2Cf21%2Cf23%2Cf24%2Cf25%2Cf26%2Cf22%2Cf33%2Cf11%2Cf62%2Cf128%2Cf136%2Cf115%2Cf152%2Cf124%2Cf107%2Cf104%2Cf105%2Cf140%2Cf141%2Cf207%2Cf208%2Cf209%2Cf222 HTTP/1.1" 200 14193
2026-03-05 16:19:42 | DEBUG    | urllib3.connectionpool:1022 | Starting new HTTPS connection (1): 17.push2.eastmoney.com:443
2026-03-05 16:19:42 | DEBUG    | urllib3.connectionpool:475 | https://17.push2.eastmoney.com:443 "GET /api/qt/clist/get?pn=4&pz=100&po=1&np=1&ut=bd1d9ddb04089700cf9c27f6f7426281&fltt=2&invt=2&fid=f3&fs=m%3A90+t%3A2+f%3A%2150&fields=f1%2Cf2%2Cf3%2Cf4%2Cf5%2Cf6%2Cf7%2Cf8%2Cf9%2Cf10%2Cf12%2Cf13%2Cf14%2Cf15%2Cf16%2Cf17%2Cf18%2Cf20%2Cf21%2Cf23%2Cf24%2Cf25%2Cf26%2Cf22%2Cf33%2Cf11%2Cf62%2Cf128%2Cf136%2Cf115%2Cf152%2Cf124%2Cf107%2Cf104%2Cf105%2Cf140%2Cf141%2Cf207%2Cf208%2Cf209%2Cf222 HTTP/1.1" 200 13472
2026-03-05 16:19:44 | DEBUG    | urllib3.connectionpool:1022 | Starting new HTTPS connection (1): 17.push2.eastmoney.com:443
2026-03-05 16:19:46 | DEBUG    | urllib3.connectionpool:1022 | Starting new HTTPS connection (1): 17.push2.eastmoney.com:443
2026-03-05 16:19:49 | DEBUG    | urllib3.connectionpool:1022 | Starting new HTTPS connection (1): 17.push2.eastmoney.com:443
2026-03-05 16:19:50 | WARNING  | backpack_quant_trading.core.stock_ai:111 | 获取行业列表失败: ('Connection aborted.', RemoteDisconnected('Remote end closed connection without response'))
2026-03-05 16:20:51 | DEBUG    | urllib3.connectionpool:1022 | Starting new HTTPS connection (1): 17.push2.eastmoney.com:443
2026-03-05 16:20:53 | DEBUG    | urllib3.connectionpool:1022 | Starting new HTTPS connection (1): 17.push2.eastmoney.com:443
2026-03-05 16:20:58 | DEBUG    | urllib3.connectionpool:1022 | Starting new HTTPS connection (1): 17.push2.eastmoney.com:443
2026-03-05 16:20:58 | WARNING  | backpack_quant_trading.core.stock_ai:111 | 获取行业列表失败: ('Connection aborted.', RemoteDisconnected('Remote end closed connection without response'))
2026-03-05 16:25:02 | DEBUG    | matplotlib:342 | matplotlib data path: C:\Users\A1\AppData\Roaming\Python\Python313\site-packages\matplotlib\mpl-data
2026-03-05 16:25:02 | DEBUG    | matplotlib:342 | CONFIGDIR=C:\Users\A1\.matplotlib
2026-03-05 16:25:02 | DEBUG    | matplotlib:1560 | interactive is False
2026-03-05 16:25:02 | DEBUG    | matplotlib:1561 | platform is win32
2026-03-05 16:25:18 | DEBUG    | urllib3.connectionpool:1022 | Starting new HTTPS connection (1): fapi.binance.com:443
2026-03-05 16:25:19 | DEBUG    | urllib3.connectionpool:475 | https://fapi.binance.com:443 "GET /fapi/v1/klines?symbol=ETHUSDT&interval=2h&limit=1000 HTTP/1.1" 200 None
2026-03-05 16:27:01 | DEBUG    | urllib3.connectionpool:1022 | Starting new HTTPS connection (1): 17.push2.eastmoney.com:443
2026-03-05 16:27:03 | DEBUG    | urllib3.connectionpool:1022 | Starting new HTTPS connection (1): 17.push2.eastmoney.com:443
2026-03-05 16:27:07 | DEBUG    | urllib3.connectionpool:1022 | Starting new HTTPS connection (1): 17.push2.eastmoney.com:443
2026-03-05 16:27:08 | WARNING  | backpack_quant_trading.core.stock_ai:111 | 获取行业列表失败: ('Connection aborted.', RemoteDisconnected('Remote end closed connection without response'))
2026-03-05 16:27:09 | DEBUG    | urllib3.connectionpool:1022 | Starting new HTTPS connection (1): 17.push2.eastmoney.com:443
2026-03-05 16:27:11 | DEBUG    | urllib3.connectionpool:1022 | Starting new HTTPS connection (1): 17.push2.eastmoney.com:443
2026-03-05 16:27:15 | DEBUG    | urllib3.connectionpool:1022 | Starting new HTTPS connection (1): 17.push2.eastmoney.com:443
2026-03-05 16:27:15 | WARNING  | backpack_quant_trading.core.stock_ai:111 | 获取行业列表失败: ('Connection aborted.', RemoteDisconnected('Remote end closed connection without response'))
2026-03-05 16:27:53 | DEBUG    | matplotlib:342 | matplotlib data path: C:\Users\A1\AppData\Roaming\Python\Python313\site-packages\matplotlib\mpl-data
2026-03-05 16:27:53 | DEBUG    | matplotlib:342 | CONFIGDIR=C:\Users\A1\.matplotlib
2026-03-05 16:27:53 | DEBUG    | matplotlib:1560 | interactive is False
2026-03-05 16:27:54 | DEBUG    | matplotlib:1561 | platform is win32
2026-03-05 16:28:17 | DEBUG    | urllib3.connectionpool:1022 | Starting new HTTPS connection (1): 17.push2.eastmoney.com:443
2026-03-05 16:28:20 | DEBUG    | urllib3.connectionpool:1022 | Starting new HTTPS connection (1): 17.push2.eastmoney.com:443
2026-03-05 16:28:23 | DEBUG    | urllib3.connectionpool:1022 | Starting new HTTPS connection (1): 17.push2.eastmoney.com:443
2026-03-05 16:28:23 | WARNING  | backpack_quant_trading.core.stock_ai:111 | 获取行业列表失败: ('Connection aborted.', RemoteDisconnected('Remote end closed connection without response'))
2026-03-05 16:29:06 | DEBUG    | urllib3.connectionpool:1022 | Starting new HTTPS connection (1): 17.push2.eastmoney.com:443
2026-03-05 16:29:09 | DEBUG    | urllib3.connectionpool:1022 | Starting new HTTPS connection (1): 17.push2.eastmoney.com:443
2026-03-05 16:29:12 | DEBUG    | urllib3.connectionpool:1022 | Starting new HTTPS connection (1): 17.push2.eastmoney.com:443
2026-03-05 16:29:12 | WARNING  | backpack_quant_trading.core.stock_ai:111 | 获取行业列表失败: ('Connection aborted.', RemoteDisconnected('Remote end closed connection without response'))
2026-03-05 16:37:29 | DEBUG    | matplotlib:342 | matplotlib data path: C:\Users\A1\AppData\Roaming\Python\Python313\site-packages\matplotlib\mpl-data
2026-03-05 16:37:29 | DEBUG    | matplotlib:342 | CONFIGDIR=C:\Users\A1\.matplotlib
2026-03-05 16:37:29 | DEBUG    | matplotlib:1560 | interactive is False
2026-03-05 16:37:29 | DEBUG    | matplotlib:1561 | platform is win32
2026-03-05 16:42:33 | DEBUG    | matplotlib:342 | matplotlib data path: C:\Users\A1\AppData\Roaming\Python\Python313\site-packages\matplotlib\mpl-data
2026-03-05 16:42:33 | DEBUG    | matplotlib:342 | CONFIGDIR=C:\Users\A1\.matplotlib
2026-03-05 16:42:33 | DEBUG    | matplotlib:1560 | interactive is False
2026-03-05 16:42:33 | DEBUG    | matplotlib:1561 | platform is win32
2026-03-05 16:54:36 | DEBUG    | matplotlib:342 | matplotlib data path: C:\Users\A1\AppData\Roaming\Python\Python313\site-packages\matplotlib\mpl-data
2026-03-05 16:54:36 | DEBUG    | matplotlib:342 | CONFIGDIR=C:\Users\A1\.matplotlib
2026-03-05 16:54:36 | DEBUG    | matplotlib:1560 | interactive is False
2026-03-05 16:54:36 | DEBUG    | matplotlib:1561 | platform is win32
2026-03-05 16:54:46 | DEBUG    | matplotlib:342 | matplotlib data path: C:\Users\A1\AppData\Roaming\Python\Python313\site-packages\matplotlib\mpl-data
2026-03-05 16:54:46 | DEBUG    | matplotlib:342 | CONFIGDIR=C:\Users\A1\.matplotlib
2026-03-05 16:54:46 | DEBUG    | matplotlib:1560 | interactive is False
2026-03-05 16:54:46 | DEBUG    | matplotlib:1561 | platform is win32
2026-03-05 17:00:18 | DEBUG    | matplotlib:342 | matplotlib data path: C:\Users\A1\AppData\Roaming\Python\Python313\site-packages\matplotlib\mpl-data
2026-03-05 17:00:18 | DEBUG    | matplotlib:342 | CONFIGDIR=C:\Users\A1\.matplotlib
2026-03-05 17:00:18 | DEBUG    | matplotlib:1560 | interactive is False
2026-03-05 17:00:18 | DEBUG    | matplotlib:1561 | platform is win32
