2026-02-28 16:10:19 | ERROR    | backpack_quant_trading.core.binance_monitor:91 | 币安 K 线批量获取失败 ETHUSDT 15m: HTTPSConnectionPool(host='fapi.binance.com', port=443): Read timed out. (read timeout=20)
2026-03-03 14:55:30 | ERROR    | backpack_quant_trading.core.binance_monitor:399 | 获取币安交易对失败: ('Connection aborted.', ConnectionResetError(10054, '远程主机强迫关闭了一个现有的连接。', None, 10054, None))
2026-03-04 10:05:12 | ERROR    | backpack_quant_trading.core.binance_monitor:399 | 获取币安交易对失败: HTTPSConnectionPool(host='fapi.binance.com', port=443): Read timed out. (read timeout=15)
2026-03-04 10:05:29 | ERROR    | backpack_quant_trading.core.binance_monitor:399 | 获取币安交易对失败: HTTPSConnectionPool(host='fapi.binance.com', port=443): Read timed out. (read timeout=15)
2026-03-04 13:36:44 | ERROR    | backpack_quant_trading.core.binance_monitor:436 | 获取币安交易对失败: HTTPSConnectionPool(host='fapi.binance.com', port=443): Read timed out. (read timeout=15)
2026-03-04 15:32:37 | ERROR    | backpack_quant_trading.core.binance_monitor:93 | 币安 K 线批量获取失败 DOGEUSDT 1m: HTTPSConnectionPool(host='fapi.binance.com', port=443): Read timed out. (read timeout=20)
2026-03-06 15:25:27 | ERROR    | backpack_quant_trading.core.binance_monitor:163 | 币安 K 线批量获取失败 ETHUSDT 5m: HTTPSConnectionPool(host='fapi.binance.com', port=443): Max retries exceeded with url: /fapi/v1/klines?symbol=ETHUSDT&interval=5m&limit=800 (Caused by ConnectTimeoutError(<urllib3.connection.HTTPSConnection object at 0x0000024422D05FD0>, 'Connection to fapi.binance.com timed out. (connect timeout=20)'))
2026-03-06 15:26:07 | ERROR    | backpack_quant_trading.core.binance_monitor:163 | 币安 K 线批量获取失败 ETHUSDT 15m: HTTPSConnectionPool(host='fapi.binance.com', port=443): Max retries exceeded with url: /fapi/v1/klines?symbol=ETHUSDT&interval=15m&limit=800 (Caused by ConnectTimeoutError(<urllib3.connection.HTTPSConnection object at 0x0000024422E1DE50>, 'Connection to fapi.binance.com timed out. (connect timeout=20)'))
2026-03-06 15:27:39 | ERROR    | backpack_quant_trading.core.binance_monitor:163 | 币安 K 线批量获取失败 ETHUSDT 15m: HTTPSConnectionPool(host='fapi.binance.com', port=443): Max retries exceeded with url: /fapi/v1/klines?symbol=ETHUSDT&interval=15m&limit=1000 (Caused by ConnectTimeoutError(<urllib3.connection.HTTPSConnection object at 0x0000024422D7EFD0>, 'Connection to fapi.binance.com timed out. (connect timeout=20)'))
2026-03-09 14:07:30 | ERROR    | backpack_quant_trading.core.binance_monitor:506 | 获取币安交易对失败: HTTPSConnectionPool(host='fapi.binance.com', port=443): Max retries exceeded with url: /fapi/v1/exchangeInfo (Caused by ConnectTimeoutError(<urllib3.connection.HTTPSConnection object at 0x000001877AAA7890>, 'Connection to fapi.binance.com timed out. (connect timeout=15)'))
2026-03-16 12:11:21 | ERROR    | backpack_quant_trading.core.binance_monitor:506 | 获取币安交易对失败: HTTPSConnectionPool(host='fapi.binance.com', port=443): Max retries exceeded with url: /fapi/v1/exchangeInfo (Caused by ConnectTimeoutError(<urllib3.connection.HTTPSConnection object at 0x0000019B8E918830>, 'Connection to fapi.binance.com timed out. (connect timeout=15)'))
2026-03-16 12:11:41 | ERROR    | backpack_quant_trading.core.binance_monitor:506 | 获取币安交易对失败: HTTPSConnectionPool(host='fapi.binance.com', port=443): Max retries exceeded with url: /fapi/v1/exchangeInfo (Caused by ConnectTimeoutError(<urllib3.connection.HTTPSConnection object at 0x0000019B8E92F9D0>, 'Connection to fapi.binance.com timed out. (connect timeout=15)'))
2026-03-16 17:19:36 | ERROR    | backpack_quant_trading.core.api_client:255 | API请求失败: 401 Client Error: Unauthorized for url: https://api.backpack.exchange/api/v1/capital
2026-03-16 17:19:36 | ERROR    | backpack_quant_trading.core.api_client:257 | 响应状态码: 401
2026-03-16 17:19:36 | ERROR    | backpack_quant_trading.core.api_client:258 | 响应内容: {"code":"UNAUTHORIZED","message":"Unauthorized"}
2026-03-16 17:19:36 | ERROR    | backpack_quant_trading.core.api_client:259 | 请求URL: https://api.backpack.exchange/api/v1/capital
2026-03-16 17:19:36 | ERROR    | backpack_quant_trading.core.api_client:260 | 请求头: {'Content-Type': 'application/json; charset=utf-8', 'Cookie': 'accessKey=11; refreshKey=111'}
2026-03-16 17:19:38 | ERROR    | backpack_quant_trading.core.api_client:255 | API请求失败: 401 Client Error: Unauthorized for url: https://api.backpack.exchange/api/v1/orders?symbol=ETH_USDC_PERP
2026-03-16 17:19:38 | ERROR    | backpack_quant_trading.core.api_client:257 | 响应状态码: 401
2026-03-16 17:19:38 | ERROR    | backpack_quant_trading.core.api_client:258 | 响应内容: {"code":"UNAUTHORIZED","message":"Unauthorized"}
2026-03-16 17:19:38 | ERROR    | backpack_quant_trading.core.api_client:259 | 请求URL: https://api.backpack.exchange/api/v1/orders
2026-03-16 17:19:38 | ERROR    | backpack_quant_trading.core.api_client:260 | 请求头: {'Content-Type': 'application/json; charset=utf-8', 'Cookie': 'accessKey=11; refreshKey=111'}
2026-03-16 17:19:38 | ERROR    | backpack_quant_trading.core.api_client:255 | API请求失败: 401 Client Error: Unauthorized for url: https://api.backpack.exchange/api/v1/orders
2026-03-16 17:19:38 | ERROR    | backpack_quant_trading.core.api_client:257 | 响应状态码: 401
2026-03-16 17:19:38 | ERROR    | backpack_quant_trading.core.api_client:258 | 响应内容: {"code":"UNAUTHORIZED","message":"Unauthorized"}
2026-03-16 17:19:38 | ERROR    | backpack_quant_trading.core.api_client:259 | 请求URL: https://api.backpack.exchange/api/v1/orders
2026-03-16 17:19:38 | ERROR    | backpack_quant_trading.core.api_client:260 | 请求头: {'Content-Type': 'application/json; charset=utf-8', 'Cookie': 'accessKey=11; refreshKey=111'}
2026-03-16 17:19:38 | ERROR    | backpack_quant_trading.core.api_client:476 | 执行订单失败: 401 Client Error: Unauthorized for url: https://api.backpack.exchange/api/v1/orders
2026-03-16 17:19:38 | ERROR    | grid_strategy:495 | ❌ 挂单异常: SELL @ $2300.00 — 401 Client Error: Unauthorized for url: https://api.backpack.exchange/api/v1/orders
2026-03-16 17:19:38 | ERROR    | backpack_quant_trading.core.api_client:255 | API请求失败: 401 Client Error: Unauthorized for url: https://api.backpack.exchange/api/v1/orders?symbol=ETH_USDC_PERP
2026-03-16 17:19:38 | ERROR    | backpack_quant_trading.core.api_client:257 | 响应状态码: 401
2026-03-16 17:19:38 | ERROR    | backpack_quant_trading.core.api_client:258 | 响应内容: {"code":"UNAUTHORIZED","message":"Unauthorized"}
2026-03-16 17:19:38 | ERROR    | backpack_quant_trading.core.api_client:259 | 请求URL: https://api.backpack.exchange/api/v1/orders
2026-03-16 17:19:38 | ERROR    | backpack_quant_trading.core.api_client:260 | 请求头: {'Content-Type': 'application/json; charset=utf-8', 'Cookie': 'accessKey=11; refreshKey=111'}
2026-03-16 17:19:38 | ERROR    | backpack_quant_trading.core.api_client:255 | API请求失败: 401 Client Error: Unauthorized for url: https://api.backpack.exchange/api/v1/orders
2026-03-16 17:19:38 | ERROR    | backpack_quant_trading.core.api_client:257 | 响应状态码: 401
2026-03-16 17:19:38 | ERROR    | backpack_quant_trading.core.api_client:258 | 响应内容: {"code":"UNAUTHORIZED","message":"Unauthorized"}
2026-03-16 17:19:38 | ERROR    | backpack_quant_trading.core.api_client:259 | 请求URL: https://api.backpack.exchange/api/v1/orders
2026-03-16 17:19:38 | ERROR    | backpack_quant_trading.core.api_client:260 | 请求头: {'Content-Type': 'application/json; charset=utf-8', 'Cookie': 'accessKey=11; refreshKey=111'}
2026-03-16 17:19:38 | ERROR    | backpack_quant_trading.core.api_client:476 | 执行订单失败: 401 Client Error: Unauthorized for url: https://api.backpack.exchange/api/v1/orders
2026-03-16 17:19:38 | ERROR    | grid_strategy:495 | ❌ 挂单异常: SELL @ $2400.00 — 401 Client Error: Unauthorized for url: https://api.backpack.exchange/api/v1/orders
2026-03-16 17:19:39 | ERROR    | backpack_quant_trading.core.api_client:255 | API请求失败: 401 Client Error: Unauthorized for url: https://api.backpack.exchange/api/v1/orders?symbol=ETH_USDC_PERP
2026-03-16 17:19:39 | ERROR    | backpack_quant_trading.core.api_client:257 | 响应状态码: 401
2026-03-16 17:19:39 | ERROR    | backpack_quant_trading.core.api_client:258 | 响应内容: {"code":"UNAUTHORIZED","message":"Unauthorized"}
2026-03-16 17:19:39 | ERROR    | backpack_quant_trading.core.api_client:259 | 请求URL: https://api.backpack.exchange/api/v1/orders
2026-03-16 17:19:39 | ERROR    | backpack_quant_trading.core.api_client:260 | 请求头: {'Content-Type': 'application/json; charset=utf-8', 'Cookie': 'accessKey=11; refreshKey=111'}
2026-03-16 17:19:39 | ERROR    | backpack_quant_trading.core.api_client:255 | API请求失败: 401 Client Error: Unauthorized for url: https://api.backpack.exchange/api/v1/orders
2026-03-16 17:19:39 | ERROR    | backpack_quant_trading.core.api_client:257 | 响应状态码: 401
2026-03-16 17:19:39 | ERROR    | backpack_quant_trading.core.api_client:258 | 响应内容: {"code":"UNAUTHORIZED","message":"Unauthorized"}
2026-03-16 17:19:39 | ERROR    | backpack_quant_trading.core.api_client:259 | 请求URL: https://api.backpack.exchange/api/v1/orders
2026-03-16 17:19:39 | ERROR    | backpack_quant_trading.core.api_client:260 | 请求头: {'Content-Type': 'application/json; charset=utf-8', 'Cookie': 'accessKey=11; refreshKey=111'}
2026-03-16 17:19:39 | ERROR    | backpack_quant_trading.core.api_client:476 | 执行订单失败: 401 Client Error: Unauthorized for url: https://api.backpack.exchange/api/v1/orders
2026-03-16 17:19:39 | ERROR    | grid_strategy:495 | ❌ 挂单异常: SELL @ $2500.00 — 401 Client Error: Unauthorized for url: https://api.backpack.exchange/api/v1/orders
2026-03-16 17:19:39 | ERROR    | backpack_quant_trading.core.api_client:255 | API请求失败: 401 Client Error: Unauthorized for url: https://api.backpack.exchange/api/v1/orders?symbol=ETH_USDC_PERP
2026-03-16 17:19:39 | ERROR    | backpack_quant_trading.core.api_client:257 | 响应状态码: 401
2026-03-16 17:19:39 | ERROR    | backpack_quant_trading.core.api_client:258 | 响应内容: {"code":"UNAUTHORIZED","message":"Unauthorized"}
2026-03-16 17:19:39 | ERROR    | backpack_quant_trading.core.api_client:259 | 请求URL: https://api.backpack.exchange/api/v1/orders
2026-03-16 17:19:39 | ERROR    | backpack_quant_trading.core.api_client:260 | 请求头: {'Content-Type': 'application/json; charset=utf-8', 'Cookie': 'accessKey=11; refreshKey=111'}
2026-03-16 17:19:40 | ERROR    | backpack_quant_trading.core.api_client:255 | API请求失败: 401 Client Error: Unauthorized for url: https://api.backpack.exchange/api/v1/orders?symbol=ETH_USDC_PERP
2026-03-16 17:19:40 | ERROR    | backpack_quant_trading.core.api_client:257 | 响应状态码: 401
2026-03-16 17:19:40 | ERROR    | backpack_quant_trading.core.api_client:258 | 响应内容: {"code":"UNAUTHORIZED","message":"Unauthorized"}
2026-03-16 17:19:40 | ERROR    | backpack_quant_trading.core.api_client:259 | 请求URL: https://api.backpack.exchange/api/v1/orders
2026-03-16 17:19:40 | ERROR    | backpack_quant_trading.core.api_client:260 | 请求头: {'Content-Type': 'application/json; charset=utf-8', 'Cookie': 'accessKey=11; refreshKey=111'}
2026-03-16 17:19:41 | ERROR    | backpack_quant_trading.core.api_client:255 | API请求失败: 401 Client Error: Unauthorized for url: https://api.backpack.exchange/api/v1/orders?symbol=ETH_USDC_PERP
2026-03-16 17:19:41 | ERROR    | backpack_quant_trading.core.api_client:257 | 响应状态码: 401
2026-03-16 17:19:41 | ERROR    | backpack_quant_trading.core.api_client:258 | 响应内容: {"code":"UNAUTHORIZED","message":"Unauthorized"}
2026-03-16 17:19:41 | ERROR    | backpack_quant_trading.core.api_client:259 | 请求URL: https://api.backpack.exchange/api/v1/orders
2026-03-16 17:19:41 | ERROR    | backpack_quant_trading.core.api_client:260 | 请求头: {'Content-Type': 'application/json; charset=utf-8', 'Cookie': 'accessKey=11; refreshKey=111'}
2026-03-16 17:19:42 | ERROR    | backpack_quant_trading.core.api_client:255 | API请求失败: 401 Client Error: Unauthorized for url: https://api.backpack.exchange/api/v1/orders?symbol=ETH_USDC_PERP
2026-03-16 17:19:42 | ERROR    | backpack_quant_trading.core.api_client:257 | 响应状态码: 401
2026-03-16 17:19:42 | ERROR    | backpack_quant_trading.core.api_client:258 | 响应内容: {"code":"UNAUTHORIZED","message":"Unauthorized"}
2026-03-16 17:19:42 | ERROR    | backpack_quant_trading.core.api_client:259 | 请求URL: https://api.backpack.exchange/api/v1/orders
2026-03-16 17:19:42 | ERROR    | backpack_quant_trading.core.api_client:260 | 请求头: {'Content-Type': 'application/json; charset=utf-8', 'Cookie': 'accessKey=11; refreshKey=111'}
2026-03-16 17:19:43 | ERROR    | backpack_quant_trading.core.api_client:255 | API请求失败: 401 Client Error: Unauthorized for url: https://api.backpack.exchange/api/v1/orders?symbol=ETH_USDC_PERP
2026-03-16 17:19:43 | ERROR    | backpack_quant_trading.core.api_client:257 | 响应状态码: 401
2026-03-16 17:19:43 | ERROR    | backpack_quant_trading.core.api_client:258 | 响应内容: {"code":"UNAUTHORIZED","message":"Unauthorized"}
2026-03-16 17:19:43 | ERROR    | backpack_quant_trading.core.api_client:259 | 请求URL: https://api.backpack.exchange/api/v1/orders
2026-03-16 17:19:43 | ERROR    | backpack_quant_trading.core.api_client:260 | 请求头: {'Content-Type': 'application/json; charset=utf-8', 'Cookie': 'accessKey=11; refreshKey=111'}
2026-03-16 17:19:44 | ERROR    | backpack_quant_trading.core.api_client:255 | API请求失败: 401 Client Error: Unauthorized for url: https://api.backpack.exchange/api/v1/orders?symbol=ETH_USDC_PERP
2026-03-16 17:19:44 | ERROR    | backpack_quant_trading.core.api_client:257 | 响应状态码: 401
2026-03-16 17:19:44 | ERROR    | backpack_quant_trading.core.api_client:258 | 响应内容: {"code":"UNAUTHORIZED","message":"Unauthorized"}
2026-03-16 17:19:44 | ERROR    | backpack_quant_trading.core.api_client:259 | 请求URL: https://api.backpack.exchange/api/v1/orders
2026-03-16 17:19:44 | ERROR    | backpack_quant_trading.core.api_client:260 | 请求头: {'Content-Type': 'application/json; charset=utf-8', 'Cookie': 'accessKey=11; refreshKey=111'}
2026-03-16 17:23:01 | ERROR    | asyncio:1865 | Task was destroyed but it is pending!
task: <Task pending name='Task-15862' coro=<WebSocketCommonProtocol.transfer_data() running at C:\Users\A1\AppData\Roaming\Python\Python313\site-packages\websockets\legacy\protocol.py:968> wait_for=<Future pending cb=[Task.task_wakeup()]> cb=[Task.task_wakeup()]>
2026-03-16 17:23:01 | ERROR    | asyncio:1865 | Task was destroyed but it is pending!
task: <Task pending name='Task-15863' coro=<WebSocketCommonProtocol.keepalive_ping() running at C:\Users\A1\AppData\Roaming\Python\Python313\site-packages\websockets\legacy\protocol.py:1259> wait_for=<Future pending cb=[Task.task_wakeup()]>>
2026-03-16 17:23:01 | ERROR    | asyncio:1865 | Task was destroyed but it is pending!
task: <Task pending name='Task-15864' coro=<WebSocketCommonProtocol.close_connection() running at C:\Users\A1\AppData\Roaming\Python\Python313\site-packages\websockets\legacy\protocol.py:1314> wait_for=<Task pending name='Task-15862' coro=<WebSocketCommonProtocol.transfer_data() running at C:\Users\A1\AppData\Roaming\Python\Python313\site-packages\websockets\legacy\protocol.py:968> wait_for=<Future pending cb=[Task.task_wakeup()]> cb=[Task.task_wakeup()]>>
2026-03-24 16:27:26 | ERROR    | backpack_quant_trading.core.binance_monitor:195 | 获取币安K线失败 ETHUSDT 2h: HTTPSConnectionPool(host='fapi.binance.com', port=443): Max retries exceeded with url: /fapi/v1/klines?symbol=ETHUSDT&interval=2h&limit=200 (Caused by ConnectTimeoutError(<urllib3.connection.HTTPSConnection object at 0x00000260DEA1A270>, 'Connection to fapi.binance.com timed out. (connect timeout=15)'))
2026-03-24 16:27:42 | ERROR    | backpack_quant_trading.core.binance_monitor:195 | 获取币安K线失败 ETHUSDT 2h: HTTPSConnectionPool(host='fapi.binance.com', port=443): Max retries exceeded with url: /fapi/v1/klines?symbol=ETHUSDT&interval=2h&limit=200 (Caused by ConnectTimeoutError(<urllib3.connection.HTTPSConnection object at 0x00000260DE9F34D0>, 'Connection to fapi.binance.com timed out. (connect timeout=15)'))
2026-03-24 16:28:08 | ERROR    | backpack_quant_trading.core.binance_monitor:195 | 获取币安K线失败 ETHUSDT 2h: HTTPSConnectionPool(host='fapi.binance.com', port=443): Max retries exceeded with url: /fapi/v1/klines?symbol=ETHUSDT&interval=2h&limit=200 (Caused by ConnectTimeoutError(<urllib3.connection.HTTPSConnection object at 0x00000260DE987390>, 'Connection to fapi.binance.com timed out. (connect timeout=15)'))
2026-03-24 16:28:28 | ERROR    | backpack_quant_trading.core.binance_monitor:195 | 获取币安K线失败 ETHUSDT 2h: HTTPSConnectionPool(host='fapi.binance.com', port=443): Max retries exceeded with url: /fapi/v1/klines?symbol=ETHUSDT&interval=2h&limit=200 (Caused by ConnectTimeoutError(<urllib3.connection.HTTPSConnection object at 0x00000260DE986FD0>, 'Connection to fapi.binance.com timed out. (connect timeout=15)'))
2026-03-24 16:28:31 | ERROR    | backpack_quant_trading.core.binance_monitor:195 | 获取币安K线失败 ETHUSDT 2h: HTTPSConnectionPool(host='fapi.binance.com', port=443): Max retries exceeded with url: /fapi/v1/klines?symbol=ETHUSDT&interval=2h&limit=200 (Caused by ConnectTimeoutError(<urllib3.connection.HTTPSConnection object at 0x00000260DE985E50>, 'Connection to fapi.binance.com timed out. (connect timeout=15)'))
2026-03-24 16:28:31 | ERROR    | backpack_quant_trading.core.binance_monitor:195 | 获取币安K线失败 ETHUSDT 2h: HTTPSConnectionPool(host='fapi.binance.com', port=443): Max retries exceeded with url: /fapi/v1/klines?symbol=ETHUSDT&interval=2h&limit=200 (Caused by ConnectTimeoutError(<urllib3.connection.HTTPSConnection object at 0x00000260DE986C10>, 'Connection to fapi.binance.com timed out. (connect timeout=15)'))
2026-03-24 16:28:46 | ERROR    | backpack_quant_trading.core.binance_monitor:195 | 获取币安K线失败 ETHUSDT 2h: HTTPSConnectionPool(host='fapi.binance.com', port=443): Max retries exceeded with url: /fapi/v1/klines?symbol=ETHUSDT&interval=2h&limit=200 (Caused by ConnectTimeoutError(<urllib3.connection.HTTPSConnection object at 0x00000260DE987110>, 'Connection to fapi.binance.com timed out. (connect timeout=15)'))
2026-03-24 16:29:06 | ERROR    | backpack_quant_trading.core.binance_monitor:195 | 获取币安K线失败 ETHUSDT 2h: HTTPSConnectionPool(host='fapi.binance.com', port=443): Max retries exceeded with url: /fapi/v1/klines?symbol=ETHUSDT&interval=2h&limit=200 (Caused by ConnectTimeoutError(<urllib3.connection.HTTPSConnection object at 0x00000260DE987D90>, 'Connection to fapi.binance.com timed out. (connect timeout=15)'))
2026-03-24 16:48:05 | ERROR    | backpack_quant_trading.core.binance_monitor:195 | 获取币安K线失败 ETHUSDT 2h: ('Connection aborted.', ConnectionResetError(10054, '远程主机强迫关闭了一个现有的连接。', None, 10054, None))
2026-03-24 16:48:10 | ERROR    | backpack_quant_trading.core.binance_monitor:195 | 获取币安K线失败 ETHUSDT 2h: HTTPSConnectionPool(host='fapi.binance.com', port=443): Read timed out. (read timeout=15)
2026-03-24 17:06:30 | ERROR    | backpack_quant_trading.core.binance_monitor:195 | 获取币安K线失败 ETHUSDT 2h: HTTPSConnectionPool(host='fapi.binance.com', port=443): Max retries exceeded with url: /fapi/v1/klines?symbol=ETHUSDT&interval=2h&limit=200 (Caused by ConnectTimeoutError(<urllib3.connection.HTTPSConnection object at 0x0000015C9A6F1400>, 'Connection to fapi.binance.com timed out. (connect timeout=15)'))
2026-03-24 17:06:51 | ERROR    | backpack_quant_trading.core.binance_monitor:195 | 获取币安K线失败 ETHUSDT 2h: HTTPSConnectionPool(host='fapi.binance.com', port=443): Max retries exceeded with url: /fapi/v1/klines?symbol=ETHUSDT&interval=2h&limit=200 (Caused by ConnectTimeoutError(<urllib3.connection.HTTPSConnection object at 0x0000015C9A6FB250>, 'Connection to fapi.binance.com timed out. (connect timeout=15)'))
2026-03-24 17:07:25 | ERROR    | backpack_quant_trading.core.binance_monitor:195 | 获取币安K线失败 ETHUSDT 2h: HTTPSConnectionPool(host='fapi.binance.com', port=443): Max retries exceeded with url: /fapi/v1/klines?symbol=ETHUSDT&interval=2h&limit=200 (Caused by ConnectTimeoutError(<urllib3.connection.HTTPSConnection object at 0x0000015C9A6FA990>, 'Connection to fapi.binance.com timed out. (connect timeout=15)'))
2026-03-24 17:07:45 | ERROR    | backpack_quant_trading.core.binance_monitor:195 | 获取币安K线失败 ETHUSDT 2h: HTTPSConnectionPool(host='fapi.binance.com', port=443): Max retries exceeded with url: /fapi/v1/klines?symbol=ETHUSDT&interval=2h&limit=200 (Caused by ConnectTimeoutError(<urllib3.connection.HTTPSConnection object at 0x0000015C9A6FAAD0>, 'Connection to fapi.binance.com timed out. (connect timeout=15)'))
2026-03-24 17:11:51 | ERROR    | backpack_quant_trading.core.binance_monitor:195 | 获取币安K线失败 ETHUSDT 2h: HTTPSConnectionPool(host='fapi.binance.com', port=443): Max retries exceeded with url: /fapi/v1/klines?symbol=ETHUSDT&interval=2h&limit=200 (Caused by ConnectTimeoutError(<urllib3.connection.HTTPSConnection object at 0x000002406632ACF0>, 'Connection to fapi.binance.com timed out. (connect timeout=15)'))
2026-03-24 17:12:11 | ERROR    | backpack_quant_trading.core.binance_monitor:195 | 获取币安K线失败 ETHUSDT 2h: HTTPSConnectionPool(host='fapi.binance.com', port=443): Max retries exceeded with url: /fapi/v1/klines?symbol=ETHUSDT&interval=2h&limit=200 (Caused by ConnectTimeoutError(<urllib3.connection.HTTPSConnection object at 0x000002406651A5D0>, 'Connection to fapi.binance.com timed out. (connect timeout=15)'))
2026-03-24 17:12:19 | ERROR    | backpack_quant_trading.core.binance_monitor:195 | 获取币安K线失败 ETHUSDT 2h: HTTPSConnectionPool(host='fapi.binance.com', port=443): Max retries exceeded with url: /fapi/v1/klines?symbol=ETHUSDT&interval=2h&limit=200 (Caused by ConnectTimeoutError(<urllib3.connection.HTTPSConnection object at 0x00000240665196D0>, 'Connection to fapi.binance.com timed out. (connect timeout=15)'))
2026-03-24 17:12:19 | ERROR    | backpack_quant_trading.core.binance_monitor:195 | 获取币安K线失败 ETHUSDT 2h: HTTPSConnectionPool(host='fapi.binance.com', port=443): Max retries exceeded with url: /fapi/v1/klines?symbol=ETHUSDT&interval=2h&limit=200 (Caused by ConnectTimeoutError(<urllib3.connection.HTTPSConnection object at 0x0000024066519F90>, 'Connection to fapi.binance.com timed out. (connect timeout=15)'))
2026-03-24 17:14:57 | ERROR    | backpack_quant_trading.core.binance_monitor:195 | 获取币安K线失败 ETHUSDT 2h: HTTPSConnectionPool(host='fapi.binance.com', port=443): Max retries exceeded with url: /fapi/v1/klines?symbol=ETHUSDT&interval=2h&limit=200 (Caused by SSLError(SSLEOFError(8, '[SSL: UNEXPECTED_EOF_WHILE_READING] EOF occurred in violation of protocol (_ssl.c:1028)')))
2026-03-24 17:15:01 | ERROR    | backpack_quant_trading.core.binance_monitor:195 | 获取币安K线失败 ETHUSDT 2h: HTTPSConnectionPool(host='fapi.binance.com', port=443): Max retries exceeded with url: /fapi/v1/klines?symbol=ETHUSDT&interval=2h&limit=200 (Caused by ConnectTimeoutError(<urllib3.connection.HTTPSConnection object at 0x00000207FBE1A120>, 'Connection to fapi.binance.com timed out. (connect timeout=15)'))
2026-03-24 17:15:03 | ERROR    | backpack_quant_trading.core.binance_monitor:195 | 获取币安K线失败 ETHUSDT 2h: HTTPSConnectionPool(host='fapi.binance.com', port=443): Max retries exceeded with url: /fapi/v1/klines?symbol=ETHUSDT&interval=2h&limit=200 (Caused by ConnectTimeoutError(<urllib3.connection.HTTPSConnection object at 0x00000207FBD86850>, 'Connection to fapi.binance.com timed out. (connect timeout=15)'))
2026-03-24 17:15:03 | ERROR    | backpack_quant_trading.core.binance_monitor:195 | 获取币安K线失败 ETHUSDT 2h: HTTPSConnectionPool(host='fapi.binance.com', port=443): Max retries exceeded with url: /fapi/v1/klines?symbol=ETHUSDT&interval=2h&limit=200 (Caused by ConnectTimeoutError(<urllib3.connection.HTTPSConnection object at 0x00000207FBDF5090>, 'Connection to fapi.binance.com timed out. (connect timeout=15)'))
2026-03-24 17:15:06 | ERROR    | backpack_quant_trading.core.binance_monitor:195 | 获取币安K线失败 ETHUSDT 2h: ('Connection aborted.', ConnectionResetError(10054, '远程主机强迫关闭了一个现有的连接。', None, 10054, None))
2026-03-24 17:15:07 | ERROR    | backpack_quant_trading.core.binance_monitor:195 | 获取币安K线失败 ETHUSDT 2h: HTTPSConnectionPool(host='fapi.binance.com', port=443): Max retries exceeded with url: /fapi/v1/klines?symbol=ETHUSDT&interval=2h&limit=200 (Caused by ConnectTimeoutError(<urllib3.connection.HTTPSConnection object at 0x00000207FBDF5590>, 'Connection to fapi.binance.com timed out. (connect timeout=15)'))
2026-03-24 17:15:20 | ERROR    | backpack_quant_trading.core.binance_monitor:195 | 获取币安K线失败 ETHUSDT 2h: ('Connection aborted.', ConnectionResetError(10054, '远程主机强迫关闭了一个现有的连接。', None, 10054, None))
2026-03-24 17:15:26 | ERROR    | backpack_quant_trading.core.binance_monitor:195 | 获取币安K线失败 ETHUSDT 2h: HTTPSConnectionPool(host='fapi.binance.com', port=443): Max retries exceeded with url: /fapi/v1/klines?symbol=ETHUSDT&interval=2h&limit=200 (Caused by SSLError(SSLEOFError(8, '[SSL: UNEXPECTED_EOF_WHILE_READING] EOF occurred in violation of protocol (_ssl.c:1028)')))
2026-03-24 17:17:08 | ERROR    | backpack_quant_trading.core.binance_monitor:195 | 获取币安K线失败 ETHUSDT 2h: HTTPSConnectionPool(host='fapi.binance.com', port=443): Max retries exceeded with url: /fapi/v1/klines?symbol=ETHUSDT&interval=2h&limit=200 (Caused by ConnectTimeoutError(<urllib3.connection.HTTPSConnection object at 0x00000207FBD86AD0>, 'Connection to fapi.binance.com timed out. (connect timeout=15)'))
2026-03-24 17:17:44 | ERROR    | backpack_quant_trading.core.binance_monitor:195 | 获取币安K线失败 ETHUSDT 2h: HTTPSConnectionPool(host='fapi.binance.com', port=443): Max retries exceeded with url: /fapi/v1/klines?symbol=ETHUSDT&interval=2h&limit=200 (Caused by ConnectTimeoutError(<urllib3.connection.HTTPSConnection object at 0x000001C98B772270>, 'Connection to fapi.binance.com timed out. (connect timeout=15)'))
2026-03-24 17:17:44 | ERROR    | backpack_quant_trading.core.binance_monitor:195 | 获取币安K线失败 ETHUSDT 2h: HTTPSConnectionPool(host='fapi.binance.com', port=443): Max retries exceeded with url: /fapi/v1/klines?symbol=ETHUSDT&interval=2h&limit=200 (Caused by ConnectTimeoutError(<urllib3.connection.HTTPSConnection object at 0x000001C98B811810>, 'Connection to fapi.binance.com timed out. (connect timeout=15)'))
